<?xml version="1.0" encoding="UTF-8"?>
<!-- Generated by org.testng.reporters.JUnitReportReporter -->
<testsuite hostname="DESKTOP-5PMASC0" failures="0" tests="1" name="technicalChallenge.TestCase3" time="3.931" errors="0" timestamp="2022-08-16T16:40:57 WEST" skipped="0">
  <testcase classname="technicalChallenge.TestCase3" name="main" time="3.931"/>
  <system-out/>
</testsuite> <!-- technicalChallenge.TestCase3 -->
