<?xml version="1.0" encoding="UTF-8"?>
<!-- Generated by org.testng.reporters.JUnitReportReporter -->
<testsuite hostname="DESKTOP-5PMASC0" failures="0" tests="1" name="technicalChallenge.TestCase2" time="5.327" errors="0" timestamp="2022-08-16T16:40:39 WEST" skipped="0">
  <testcase classname="technicalChallenge.TestCase2" name="main" time="5.327"/>
  <system-out/>
</testsuite> <!-- technicalChallenge.TestCase2 -->
