<?xml version="1.0" encoding="UTF-8"?>
<!-- Generated by org.testng.reporters.JUnitReportReporter -->
<testsuite hostname="DESKTOP-5PMASC0" failures="0" tests="1" name="technicalChallenge.TestCase1" time="2.749" errors="0" timestamp="2022-08-16T16:40:12 WEST" skipped="0">
  <testcase classname="technicalChallenge.TestCase1" name="main" time="2.749"/>
  <system-out/>
</testsuite> <!-- technicalChallenge.TestCase1 -->
